Using pre-set license
Built from '2020.3/staging' branch; Version is '2020.3.8f1 (507919d4fff5) revision 5273881'; Using compiler version '192528614'; Build Type 'Release'
OS: 'Windows 10 Home; OS build 19044.1586; Version 2009; 64bit' Language: 'en' Physical Memory: 16309 MB
BatchMode: 1, IsHumanControllingUs: 0, StartBugReporterOnCrash: 0, Is64bit: 1, IsPro: 0

 COMMAND LINE ARGUMENTS:
D:\unity\2020.3.8f1\Editor\Unity.exe
-adb2
-batchMode
-noUpm
-name
AssetImportWorker1
-projectPath
D:/unity/ATPlantGen/ATPlantGeneration
-logFile
Logs/AssetImportWorker1.log
-srvPort
54204
Successfully changed project path to: D:/unity/ATPlantGen/ATPlantGeneration
D:/unity/ATPlantGen/ATPlantGeneration
Using Asset Import Pipeline V2.
Refreshing native plugins compatible for Editor in 28.41 ms, found 0 plugins.
Preloading 0 native plugins for Editor in 0.00 ms.
Initialize engine version: 2020.3.8f1 (507919d4fff5)
[Subsystems] Discovering subsystems at path D:/unity/2020.3.8f1/Editor/Data/Resources/UnitySubsystems
[Subsystems] Discovering subsystems at path D:/unity/ATPlantGen/ATPlantGeneration/Assets
GfxDevice: creating device client; threaded=0
Direct3D:
    Version:  Direct3D 11.0 [level 11.1]
    Renderer: NVIDIA GeForce GTX 1060 3GB (ID=0x1c02)
    Vendor:   
    VRAM:     2988 MB
    Driver:   30.0.15.1215
Shader 'Universal Render Pipeline/Particles/Lit': fallback shader 'Universal Render Pipeline/Particles/SimpleLit' not found
Initialize mono
Mono path[0] = 'D:/unity/2020.3.8f1/Editor/Data/Managed'
Mono path[1] = 'D:/unity/2020.3.8f1/Editor/Data/MonoBleedingEdge/lib/mono/unityjit'
Mono config path = 'D:/unity/2020.3.8f1/Editor/Data/MonoBleedingEdge/etc'
Using monoOptions --debugger-agent=transport=dt_socket,embedding=1,server=y,suspend=n,address=127.0.0.1:56128
Begin MonoManager ReloadAssembly
Registering precompiled unity dll's ...
Register platform support module: D:/unity/2020.3.8f1/Editor/Data/PlaybackEngines/WindowsStandaloneSupport/UnityEditor.WindowsStandalone.Extensions.dll
Registered in 0.000732 seconds.
Native extension for WindowsStandalone target not found
Refreshing native plugins compatible for Editor in 29.68 ms, found 0 plugins.
Preloading 0 native plugins for Editor in 0.00 ms.
Mono: successfully reloaded assembly
- Completed reload, in  0.616 seconds
Platform modules already initialized, skipping
Registering precompiled user dll's ...
Registered in 0.000756 seconds.
Begin MonoManager ReloadAssembly
Native extension for WindowsStandalone target not found
Refreshing native plugins compatible for Editor in 30.77 ms, found 0 plugins.
Preloading 0 native plugins for Editor in 0.00 ms.
Mono: successfully reloaded assembly
- Completed reload, in  0.634 seconds
Platform modules already initialized, skipping
========================================================================
Worker process is ready to serve import requests
Shader 'Universal Render Pipeline/Particles/Lit': fallback shader 'Universal Render Pipeline/Particles/SimpleLit' not found
Launched and connected shader compiler UnityShaderCompiler.exe after 0.17 seconds
Refreshing native plugins compatible for Editor in 0.40 ms, found 0 plugins.
Preloading 0 native plugins for Editor in 0.00 ms.
Unloading 2421 Unused Serialized files (Serialized files now loaded: 0)
System memory in use before: 115.7 MB.
System memory in use after: 115.8 MB.

Unloading 11 unused Assets to reduce memory usage. Loaded Objects now: 2866.
Total: 1.857700 ms (FindLiveObjects: 0.235400 ms CreateObjectMapping: 0.058100 ms MarkObjects: 1.490800 ms  DeleteObjects: 0.072600 ms)

========================================================================
Received Import Request.
  path: Assets/Prefabs/plantLayer.prefab
  artifactKey: Guid(2c50dd053aeb9d849ad5faabbc0d0ede) Importer(815301076,1909f56bfc062723c751e8b465ee728b)
Start importing Assets/Prefabs/plantLayer.prefab using Guid(2c50dd053aeb9d849ad5faabbc0d0ede) Importer(815301076,1909f56bfc062723c751e8b465ee728b)  -> (artifact id: '2f37c84a5c72576e14eccebadc68b3da') in 0.241517 seconds
  Import took 0.266313 seconds .

========================================================================
Received Prepare
Registering precompiled user dll's ...
Registered in 0.000680 seconds.
Begin MonoManager ReloadAssembly
Native extension for WindowsStandalone target not found
Refreshing native plugins compatible for Editor in 0.41 ms, found 0 plugins.
Preloading 0 native plugins for Editor in 0.00 ms.
Mono: successfully reloaded assembly
- Completed reload, in  0.645 seconds
Platform modules already initialized, skipping
Shader 'Universal Render Pipeline/Particles/Lit': fallback shader 'Universal Render Pipeline/Particles/SimpleLit' not found
Refreshing native plugins compatible for Editor in 0.47 ms, found 0 plugins.
Preloading 0 native plugins for Editor in 0.00 ms.
Unloading 2312 Unused Serialized files (Serialized files now loaded: 0)
System memory in use before: 113.9 MB.
System memory in use after: 114.1 MB.

Unloading 6 unused Assets to reduce memory usage. Loaded Objects now: 2914.
Total: 2.142500 ms (FindLiveObjects: 0.243600 ms CreateObjectMapping: 0.090800 ms MarkObjects: 1.749700 ms  DeleteObjects: 0.057600 ms)

========================================================================
Received Import Request.
  Time since last request: 177.838270 seconds.
  path: Assets/Prefabs/plant.prefab
  artifactKey: Guid(72a1eb5bcd692d14da4a6477560a1bf1) Importer(815301076,1909f56bfc062723c751e8b465ee728b)
Start importing Assets/Prefabs/plant.prefab using Guid(72a1eb5bcd692d14da4a6477560a1bf1) Importer(815301076,1909f56bfc062723c751e8b465ee728b)  -> (artifact id: '3ef8353ed2bfe7c7421288d007065d9b') in 0.175117 seconds
  Import took 0.193057 seconds .

========================================================================
Received Import Request.
  Time since last request: 0.000846 seconds.
  path: Assets/Prefabs/plant.prefab
  artifactKey: Guid(72a1eb5bcd692d14da4a6477560a1bf1) Importer(815301076,1909f56bfc062723c751e8b465ee728b)
Start importing Assets/Prefabs/plant.prefab using Guid(72a1eb5bcd692d14da4a6477560a1bf1) Importer(815301076,1909f56bfc062723c751e8b465ee728b)  -> (artifact id: '3ef8353ed2bfe7c7421288d007065d9b') in 0.006208 seconds
  Import took 0.020942 seconds .

========================================================================
Received Import Request.
  Time since last request: 150.655766 seconds.
  path: Assets/Materials/plantLit.shadergraph
  artifactKey: Guid(cbb6e8c36692ba94c80c31f7df0e5e14) Importer(815301076,1909f56bfc062723c751e8b465ee728b)
Start importing Assets/Materials/plantLit.shadergraph using Guid(cbb6e8c36692ba94c80c31f7df0e5e14) Importer(815301076,1909f56bfc062723c751e8b465ee728b)  -> (artifact id: '4d176fe6d0ac14dafe58b04718fa7917') in 0.005193 seconds
  Import took 0.052237 seconds .

========================================================================
Received Import Request.
  Time since last request: 0.545333 seconds.
  path: Assets/Materials/plantLit.shadergraph
  artifactKey: Guid(cbb6e8c36692ba94c80c31f7df0e5e14) Importer(815301076,1909f56bfc062723c751e8b465ee728b)
Start importing Assets/Materials/plantLit.shadergraph using Guid(cbb6e8c36692ba94c80c31f7df0e5e14) Importer(815301076,1909f56bfc062723c751e8b465ee728b)  -> (artifact id: '4d176fe6d0ac14dafe58b04718fa7917') in 0.001545 seconds
  Import took 0.004600 seconds .

========================================================================
Received Import Request.
  Time since last request: 13.191166 seconds.
  path: Assets/Materials/NewUnlitShader.shader
  artifactKey: Guid(b04c3f4e123a4ef4cbe04a437724af6a) Importer(815301076,1909f56bfc062723c751e8b465ee728b)
Start importing Assets/Materials/NewUnlitShader.shader using Guid(b04c3f4e123a4ef4cbe04a437724af6a) Importer(815301076,1909f56bfc062723c751e8b465ee728b)  -> (artifact id: '2de8d0727ce842b9e75e73b4e5e69082') in 0.005480 seconds
  Import took 0.041715 seconds .

========================================================================
Received Import Request.
  Time since last request: 0.009262 seconds.
  path: Assets/Materials/NewUnlitShader.shader
  artifactKey: Guid(b04c3f4e123a4ef4cbe04a437724af6a) Importer(815301076,1909f56bfc062723c751e8b465ee728b)
Start importing Assets/Materials/NewUnlitShader.shader using Guid(b04c3f4e123a4ef4cbe04a437724af6a) Importer(815301076,1909f56bfc062723c751e8b465ee728b)  -> (artifact id: '2de8d0727ce842b9e75e73b4e5e69082') in 0.001684 seconds
  Import took 0.004510 seconds .

========================================================================
Received Import Request.
  Time since last request: 14.985534 seconds.
  path: Assets/Materials/PlantBlue.mat
  artifactKey: Guid(1cbab2a60e6f7604ea4542c62e254eba) Importer(815301076,1909f56bfc062723c751e8b465ee728b)
Start importing Assets/Materials/PlantBlue.mat using Guid(1cbab2a60e6f7604ea4542c62e254eba) Importer(815301076,1909f56bfc062723c751e8b465ee728b)  -> (artifact id: '4dc46303f88b2323e57f658c756818ef') in 0.184015 seconds
  Import took 0.197309 seconds .

========================================================================
Received Import Request.
  Time since last request: 100.246583 seconds.
  path: Assets/Materials/PlantBlue.mat
  artifactKey: Guid(1cbab2a60e6f7604ea4542c62e254eba) Importer(815301076,1909f56bfc062723c751e8b465ee728b)
Start importing Assets/Materials/PlantBlue.mat using Guid(1cbab2a60e6f7604ea4542c62e254eba) Importer(815301076,1909f56bfc062723c751e8b465ee728b)  -> (artifact id: 'cef8636883267be2c28024d70730bf69') in 0.010030 seconds
  Import took 0.019576 seconds .

AssetImportWorkerClient::OnTransportError - code=2 error=End of file
