Using pre-set license
Built from '2020.3/staging' branch; Version is '2020.3.8f1 (507919d4fff5) revision 5273881'; Using compiler version '192528614'; Build Type 'Release'
OS: 'Windows 10 Home; OS build 19044.1586; Version 2009; 64bit' Language: 'en' Physical Memory: 16309 MB
BatchMode: 1, IsHumanControllingUs: 0, StartBugReporterOnCrash: 0, Is64bit: 1, IsPro: 0

 COMMAND LINE ARGUMENTS:
D:\unity\2020.3.8f1\Editor\Unity.exe
-adb2
-batchMode
-noUpm
-name
AssetImportWorker0
-projectPath
D:/unity/ATPlantGen/ATPlantGeneration
-logFile
Logs/AssetImportWorker0.log
-srvPort
51340
Successfully changed project path to: D:/unity/ATPlantGen/ATPlantGeneration
D:/unity/ATPlantGen/ATPlantGeneration
Using Asset Import Pipeline V2.
Refreshing native plugins compatible for Editor in 28.53 ms, found 0 plugins.
Preloading 0 native plugins for Editor in 0.00 ms.
Initialize engine version: 2020.3.8f1 (507919d4fff5)
[Subsystems] Discovering subsystems at path D:/unity/2020.3.8f1/Editor/Data/Resources/UnitySubsystems
[Subsystems] Discovering subsystems at path D:/unity/ATPlantGen/ATPlantGeneration/Assets
GfxDevice: creating device client; threaded=0
Direct3D:
    Version:  Direct3D 11.0 [level 11.1]
    Renderer: NVIDIA GeForce GTX 1060 3GB (ID=0x1c02)
    Vendor:   
    VRAM:     2988 MB
    Driver:   30.0.15.1215
Shader 'Universal Render Pipeline/Particles/Lit': fallback shader 'Universal Render Pipeline/Particles/SimpleLit' not found
Initialize mono
Mono path[0] = 'D:/unity/2020.3.8f1/Editor/Data/Managed'
Mono path[1] = 'D:/unity/2020.3.8f1/Editor/Data/MonoBleedingEdge/lib/mono/unityjit'
Mono config path = 'D:/unity/2020.3.8f1/Editor/Data/MonoBleedingEdge/etc'
Using monoOptions --debugger-agent=transport=dt_socket,embedding=1,server=y,suspend=n,address=127.0.0.1:56236
Begin MonoManager ReloadAssembly
Registering precompiled unity dll's ...
Register platform support module: D:/unity/2020.3.8f1/Editor/Data/PlaybackEngines/WindowsStandaloneSupport/UnityEditor.WindowsStandalone.Extensions.dll
Registered in 0.000729 seconds.
Native extension for WindowsStandalone target not found
Refreshing native plugins compatible for Editor in 33.28 ms, found 0 plugins.
Preloading 0 native plugins for Editor in 0.00 ms.
Mono: successfully reloaded assembly
- Completed reload, in  0.616 seconds
Platform modules already initialized, skipping
Registering precompiled user dll's ...
Registered in 0.000803 seconds.
Begin MonoManager ReloadAssembly
Native extension for WindowsStandalone target not found
Refreshing native plugins compatible for Editor in 36.35 ms, found 0 plugins.
Preloading 0 native plugins for Editor in 0.00 ms.
Mono: successfully reloaded assembly
- Completed reload, in  0.657 seconds
Platform modules already initialized, skipping
========================================================================
Worker process is ready to serve import requests
Shader 'Universal Render Pipeline/Particles/Lit': fallback shader 'Universal Render Pipeline/Particles/SimpleLit' not found
Launched and connected shader compiler UnityShaderCompiler.exe after 0.05 seconds
Refreshing native plugins compatible for Editor in 0.45 ms, found 0 plugins.
Preloading 0 native plugins for Editor in 0.00 ms.
Unloading 2421 Unused Serialized files (Serialized files now loaded: 0)
System memory in use before: 115.5 MB.
System memory in use after: 115.7 MB.

Unloading 11 unused Assets to reduce memory usage. Loaded Objects now: 2866.
Total: 1.929200 ms (FindLiveObjects: 0.238900 ms CreateObjectMapping: 0.062100 ms MarkObjects: 1.542300 ms  DeleteObjects: 0.085100 ms)

========================================================================
Received Import Request.
  path: Assets/Materials/plantLit.shadergraph
  artifactKey: Guid(cbb6e8c36692ba94c80c31f7df0e5e14) Importer(815301076,1909f56bfc062723c751e8b465ee728b)
Start importing Assets/Materials/plantLit.shadergraph using Guid(cbb6e8c36692ba94c80c31f7df0e5e14) Importer(815301076,1909f56bfc062723c751e8b465ee728b)  -> (artifact id: '1ff384ff9def31632246b9d8c3ccbeb3') in 0.103314 seconds
  Import took 0.132019 seconds .

========================================================================
Received Import Request.
  Time since last request: 4.439249 seconds.
  path: Assets/Materials/plantLit.shadergraph
  artifactKey: Guid(cbb6e8c36692ba94c80c31f7df0e5e14) Importer(815301076,1909f56bfc062723c751e8b465ee728b)
Start importing Assets/Materials/plantLit.shadergraph using Guid(cbb6e8c36692ba94c80c31f7df0e5e14) Importer(815301076,1909f56bfc062723c751e8b465ee728b)  -> (artifact id: '4d176fe6d0ac14dafe58b04718fa7917') in 0.001825 seconds
  Import took 0.053217 seconds .

AssetImportWorkerClient::OnTransportError - code=2 error=End of file
